[ 2018-04-07T01:37:02+08:00 ] 35.167.11.203 /
INFO: [ app_init ] --START--
INFO: Run Behavior\BuildLiteBehavior [ RunTime:0.000055s ]
INFO: [ app_init ] --END-- [ RunTime:0.005669s ]
INFO: [ app_begin ] --START--
INFO: Run Behavior\ReadHtmlCacheBehavior [ RunTime:0.004493s ]
INFO: [ app_begin ] --END-- [ RunTime:0.004777s ]
INFO: [ view_parse ] --START--
INFO: [ template_filter ] --START--
INFO: Run Behavior\ContentReplaceBehavior [ RunTime:0.007662s ]
INFO: [ template_filter ] --END-- [ RunTime:0.007836s ]
INFO: Run Behavior\ParseTemplateBehavior [ RunTime:0.139863s ]
INFO: [ view_parse ] --END-- [ RunTime:0.140060s ]
INFO: [ view_filter ] --START--
INFO: Run Behavior\WriteHtmlCacheBehavior [ RunTime:0.010778s ]
INFO: [ view_filter ] --END-- [ RunTime:0.010920s ]
INFO: [ app_end ] --START--
INFO: Run Behavior\ShowPageTraceBehavior [ RunTime:0.003133s ]
INFO: [ app_end ] --END-- [ RunTime:0.003271s ]

[ 2018-04-07T02:10:28+08:00 ] 117.50.7.159 /
INFO: [ app_init ] --START--
INFO: Run Behavior\BuildLiteBehavior [ RunTime:0.000109s ]
INFO: [ app_init ] --END-- [ RunTime:0.001441s ]
INFO: [ app_begin ] --START--
INFO: Run Behavior\ReadHtmlCacheBehavior [ RunTime:0.001206s ]
INFO: [ app_begin ] --END-- [ RunTime:0.001324s ]
INFO: [ view_parse ] --START--
INFO: [ template_filter ] --START--
INFO: Run Behavior\ContentReplaceBehavior [ RunTime:0.000074s ]
INFO: [ template_filter ] --END-- [ RunTime:0.000243s ]
INFO: Run Behavior\ParseTemplateBehavior [ RunTime:0.019411s ]
INFO: [ view_parse ] --END-- [ RunTime:0.019546s ]
INFO: [ view_filter ] --START--
INFO: Run Behavior\WriteHtmlCacheBehavior [ RunTime:0.000484s ]
INFO: [ view_filter ] --END-- [ RunTime:0.000554s ]
INFO: [ app_end ] --START--
INFO: Run Behavior\ShowPageTraceBehavior [ RunTime:0.010509s ]
INFO: [ app_end ] --END-- [ RunTime:0.010800s ]

[ 2018-04-07T02:10:29+08:00 ] 106.75.85.117 /
INFO: [ app_init ] --START--
INFO: Run Behavior\BuildLiteBehavior [ RunTime:0.000029s ]
INFO: [ app_init ] --END-- [ RunTime:0.000928s ]
INFO: [ app_begin ] --START--
INFO: Run Behavior\ReadHtmlCacheBehavior [ RunTime:0.001249s ]
INFO: [ app_begin ] --END-- [ RunTime:0.001512s ]
INFO: [ view_parse ] --START--
INFO: [ template_filter ] --START--
INFO: Run Behavior\ContentReplaceBehavior [ RunTime:0.000182s ]
INFO: [ template_filter ] --END-- [ RunTime:0.000359s ]
INFO: Run Behavior\ParseTemplateBehavior [ RunTime:0.025917s ]
INFO: [ view_parse ] --END-- [ RunTime:0.026153s ]
INFO: [ view_filter ] --START--
INFO: Run Behavior\WriteHtmlCacheBehavior [ RunTime:0.000594s ]
INFO: [ view_filter ] --END-- [ RunTime:0.000664s ]
INFO: [ app_end ] --START--
INFO: Run Behavior\ShowPageTraceBehavior [ RunTime:0.001357s ]
INFO: [ app_end ] --END-- [ RunTime:0.001861s ]

[ 2018-04-07T05:17:27+08:00 ] 180.149.130.153 /
INFO: [ app_init ] --START--
INFO: Run Behavior\BuildLiteBehavior [ RunTime:0.000042s ]
INFO: [ app_init ] --END-- [ RunTime:0.043618s ]
INFO: [ app_begin ] --START--
INFO: Run Behavior\ReadHtmlCacheBehavior [ RunTime:0.003076s ]
INFO: [ app_begin ] --END-- [ RunTime:0.003229s ]
INFO: [ view_parse ] --START--
INFO: [ template_filter ] --START--
INFO: Run Behavior\ContentReplaceBehavior [ RunTime:0.007054s ]
INFO: [ template_filter ] --END-- [ RunTime:0.007274s ]
INFO: Run Behavior\ParseTemplateBehavior [ RunTime:0.120170s ]
INFO: [ view_parse ] --END-- [ RunTime:0.120383s ]
INFO: [ view_filter ] --START--
INFO: Run Behavior\WriteHtmlCacheBehavior [ RunTime:0.005433s ]
INFO: [ view_filter ] --END-- [ RunTime:0.005560s ]
INFO: [ app_end ] --START--
INFO: Run Behavior\ShowPageTraceBehavior [ RunTime:0.006105s ]
INFO: [ app_end ] --END-- [ RunTime:0.006352s ]

[ 2018-04-07T07:35:59+08:00 ] 181.214.24.118 /
INFO: [ app_init ] --START--
INFO: Run Behavior\BuildLiteBehavior [ RunTime:0.000040s ]
INFO: [ app_init ] --END-- [ RunTime:0.001012s ]
INFO: [ app_begin ] --START--
INFO: Run Behavior\ReadHtmlCacheBehavior [ RunTime:0.001131s ]
INFO: [ app_begin ] --END-- [ RunTime:0.001249s ]
INFO: [ view_parse ] --START--
INFO: [ template_filter ] --START--
INFO: Run Behavior\ContentReplaceBehavior [ RunTime:0.000088s ]
INFO: [ template_filter ] --END-- [ RunTime:0.000326s ]
INFO: Run Behavior\ParseTemplateBehavior [ RunTime:0.016251s ]
INFO: [ view_parse ] --END-- [ RunTime:0.016381s ]
INFO: [ view_filter ] --START--
INFO: Run Behavior\WriteHtmlCacheBehavior [ RunTime:0.000696s ]
INFO: [ view_filter ] --END-- [ RunTime:0.000802s ]
INFO: [ app_end ] --START--
INFO: Run Behavior\ShowPageTraceBehavior [ RunTime:0.005980s ]
INFO: [ app_end ] --END-- [ RunTime:0.006358s ]

[ 2018-04-07T08:07:56+08:00 ] 34.245.67.69 /
INFO: [ app_init ] --START--
INFO: Run Behavior\BuildLiteBehavior [ RunTime:0.000049s ]
INFO: [ app_init ] --END-- [ RunTime:0.006902s ]
INFO: [ app_begin ] --START--
INFO: Run Behavior\ReadHtmlCacheBehavior [ RunTime:0.002039s ]
INFO: [ app_begin ] --END-- [ RunTime:0.003019s ]
INFO: [ view_parse ] --START--
INFO: [ template_filter ] --START--
INFO: Run Behavior\ContentReplaceBehavior [ RunTime:0.000108s ]
INFO: [ template_filter ] --END-- [ RunTime:0.000257s ]
INFO: Run Behavior\ParseTemplateBehavior [ RunTime:0.022748s ]
INFO: [ view_parse ] --END-- [ RunTime:0.022880s ]
INFO: [ view_filter ] --START--
INFO: Run Behavior\WriteHtmlCacheBehavior [ RunTime:0.000633s ]
INFO: [ view_filter ] --END-- [ RunTime:0.000750s ]
INFO: [ app_end ] --START--
INFO: Run Behavior\ShowPageTraceBehavior [ RunTime:0.001017s ]
INFO: [ app_end ] --END-- [ RunTime:0.001346s ]

[ 2018-04-07T08:40:35+08:00 ] 54.67.59.131 /
INFO: [ app_init ] --START--
INFO: Run Behavior\BuildLiteBehavior [ RunTime:0.000229s ]
INFO: [ app_init ] --END-- [ RunTime:0.001425s ]
INFO: [ app_begin ] --START--
INFO: Run Behavior\ReadHtmlCacheBehavior [ RunTime:0.001869s ]
INFO: [ app_begin ] --END-- [ RunTime:0.002022s ]
INFO: [ view_parse ] --START--
INFO: [ template_filter ] --START--
INFO: Run Behavior\ContentReplaceBehavior [ RunTime:0.000075s ]
INFO: [ template_filter ] --END-- [ RunTime:0.000242s ]
INFO: Run Behavior\ParseTemplateBehavior [ RunTime:0.029671s ]
INFO: [ view_parse ] --END-- [ RunTime:0.029799s ]
INFO: [ view_filter ] --START--
INFO: Run Behavior\WriteHtmlCacheBehavior [ RunTime:0.000815s ]
INFO: [ view_filter ] --END-- [ RunTime:0.000971s ]
INFO: [ app_end ] --START--
INFO: Run Behavior\ShowPageTraceBehavior [ RunTime:0.001192s ]
INFO: [ app_end ] --END-- [ RunTime:0.001386s ]

[ 2018-04-07T10:08:51+08:00 ] 27.124.130.79 /
INFO: [ app_init ] --START--
INFO: Run Behavior\BuildLiteBehavior [ RunTime:0.000087s ]
INFO: [ app_init ] --END-- [ RunTime:0.000794s ]
INFO: [ app_begin ] --START--
INFO: Run Behavior\ReadHtmlCacheBehavior [ RunTime:0.001386s ]
INFO: [ app_begin ] --END-- [ RunTime:0.001602s ]
INFO: [ view_parse ] --START--
INFO: [ template_filter ] --START--
INFO: Run Behavior\ContentReplaceBehavior [ RunTime:0.000094s ]
INFO: [ template_filter ] --END-- [ RunTime:0.000268s ]
INFO: Run Behavior\ParseTemplateBehavior [ RunTime:0.011717s ]
INFO: [ view_parse ] --END-- [ RunTime:0.011832s ]
INFO: [ view_filter ] --START--
INFO: Run Behavior\WriteHtmlCacheBehavior [ RunTime:0.000489s ]
INFO: [ view_filter ] --END-- [ RunTime:0.000566s ]
INFO: [ app_end ] --START--
INFO: Run Behavior\ShowPageTraceBehavior [ RunTime:0.001329s ]
INFO: [ app_end ] --END-- [ RunTime:0.001996s ]

[ 2018-04-07T10:08:52+08:00 ] 27.124.130.79 /
INFO: [ app_init ] --START--
INFO: Run Behavior\BuildLiteBehavior [ RunTime:0.000061s ]
INFO: [ app_init ] --END-- [ RunTime:0.000695s ]
INFO: [ app_begin ] --START--
INFO: Run Behavior\ReadHtmlCacheBehavior [ RunTime:0.001346s ]
INFO: [ app_begin ] --END-- [ RunTime:0.001491s ]
INFO: [ view_parse ] --START--
INFO: [ template_filter ] --START--
INFO: Run Behavior\ContentReplaceBehavior [ RunTime:0.000076s ]
INFO: [ template_filter ] --END-- [ RunTime:0.000188s ]
INFO: Run Behavior\ParseTemplateBehavior [ RunTime:0.010720s ]
INFO: [ view_parse ] --END-- [ RunTime:0.010854s ]
INFO: [ view_filter ] --START--
INFO: Run Behavior\WriteHtmlCacheBehavior [ RunTime:0.000458s ]
INFO: [ view_filter ] --END-- [ RunTime:0.000550s ]
INFO: [ app_end ] --START--
INFO: Run Behavior\ShowPageTraceBehavior [ RunTime:0.000986s ]
INFO: [ app_end ] --END-- [ RunTime:0.001084s ]

[ 2018-04-07T12:00:12+08:00 ] 106.11.225.140 /
INFO: [ app_init ] --START--
INFO: Run Behavior\BuildLiteBehavior [ RunTime:0.000045s ]
INFO: [ app_init ] --END-- [ RunTime:0.001990s ]
INFO: [ app_begin ] --START--
INFO: Run Behavior\ReadHtmlCacheBehavior [ RunTime:0.002518s ]
INFO: [ app_begin ] --END-- [ RunTime:0.002668s ]
INFO: [ view_parse ] --START--
INFO: [ template_filter ] --START--
INFO: Run Behavior\ContentReplaceBehavior [ RunTime:0.008386s ]
INFO: [ template_filter ] --END-- [ RunTime:0.008595s ]
INFO: Run Behavior\ParseTemplateBehavior [ RunTime:0.105425s ]
INFO: [ view_parse ] --END-- [ RunTime:0.105695s ]
INFO: [ view_filter ] --START--
INFO: Run Behavior\WriteHtmlCacheBehavior [ RunTime:0.003099s ]
INFO: [ view_filter ] --END-- [ RunTime:0.003215s ]
INFO: [ app_end ] --START--
INFO: Run Behavior\ShowPageTraceBehavior [ RunTime:0.001899s ]
INFO: [ app_end ] --END-- [ RunTime:0.002005s ]

[ 2018-04-07T15:42:35+08:00 ] 211.23.154.138 /
INFO: [ app_init ] --START--
INFO: Run Behavior\BuildLiteBehavior [ RunTime:0.000038s ]
INFO: [ app_init ] --END-- [ RunTime:0.000708s ]
INFO: [ app_begin ] --START--
INFO: Run Behavior\ReadHtmlCacheBehavior [ RunTime:0.000899s ]
INFO: [ app_begin ] --END-- [ RunTime:0.001034s ]
INFO: [ view_parse ] --START--
INFO: [ template_filter ] --START--
INFO: Run Behavior\ContentReplaceBehavior [ RunTime:0.000069s ]
INFO: [ template_filter ] --END-- [ RunTime:0.000176s ]
INFO: Run Behavior\ParseTemplateBehavior [ RunTime:0.011646s ]
INFO: [ view_parse ] --END-- [ RunTime:0.011753s ]
INFO: [ view_filter ] --START--
INFO: Run Behavior\WriteHtmlCacheBehavior [ RunTime:0.000422s ]
INFO: [ view_filter ] --END-- [ RunTime:0.000482s ]
INFO: [ app_end ] --START--
INFO: Run Behavior\ShowPageTraceBehavior [ RunTime:0.000844s ]
INFO: [ app_end ] --END-- [ RunTime:0.000921s ]

[ 2018-04-07T16:14:26+08:00 ] 123.125.143.147 /
INFO: [ app_init ] --START--
INFO: Run Behavior\BuildLiteBehavior [ RunTime:0.000035s ]
INFO: [ app_init ] --END-- [ RunTime:0.000680s ]
INFO: [ app_begin ] --START--
INFO: Run Behavior\ReadHtmlCacheBehavior [ RunTime:0.000767s ]
INFO: [ app_begin ] --END-- [ RunTime:0.000840s ]
INFO: [ view_parse ] --START--
INFO: [ template_filter ] --START--
INFO: Run Behavior\ContentReplaceBehavior [ RunTime:0.000054s ]
INFO: [ template_filter ] --END-- [ RunTime:0.000143s ]
INFO: Run Behavior\ParseTemplateBehavior [ RunTime:0.008853s ]
INFO: [ view_parse ] --END-- [ RunTime:0.008948s ]
INFO: [ view_filter ] --START--
INFO: Run Behavior\WriteHtmlCacheBehavior [ RunTime:0.000427s ]
INFO: [ view_filter ] --END-- [ RunTime:0.000479s ]
INFO: [ app_end ] --START--
INFO: Run Behavior\ShowPageTraceBehavior [ RunTime:0.000683s ]
INFO: [ app_end ] --END-- [ RunTime:0.000761s ]

[ 2018-04-07T17:41:54+08:00 ] 199.30.228.159 /
INFO: [ app_init ] --START--
INFO: Run Behavior\BuildLiteBehavior [ RunTime:0.000036s ]
INFO: [ app_init ] --END-- [ RunTime:0.001174s ]
INFO: [ app_begin ] --START--
INFO: Run Behavior\ReadHtmlCacheBehavior [ RunTime:0.001200s ]
INFO: [ app_begin ] --END-- [ RunTime:0.001389s ]
INFO: [ view_parse ] --START--
INFO: [ template_filter ] --START--
INFO: Run Behavior\ContentReplaceBehavior [ RunTime:0.000059s ]
INFO: [ template_filter ] --END-- [ RunTime:0.000193s ]
INFO: Run Behavior\ParseTemplateBehavior [ RunTime:0.012272s ]
INFO: [ view_parse ] --END-- [ RunTime:0.012381s ]
INFO: [ view_filter ] --START--
INFO: Run Behavior\WriteHtmlCacheBehavior [ RunTime:0.000362s ]
INFO: [ view_filter ] --END-- [ RunTime:0.000413s ]
INFO: [ app_end ] --START--
INFO: Run Behavior\ShowPageTraceBehavior [ RunTime:0.000893s ]
INFO: [ app_end ] --END-- [ RunTime:0.000958s ]

[ 2018-04-07T19:41:03+08:00 ] 190.94.136.96 /
INFO: [ app_init ] --START--
INFO: Run Behavior\BuildLiteBehavior [ RunTime:0.000060s ]
INFO: [ app_init ] --END-- [ RunTime:0.001196s ]
INFO: [ app_begin ] --START--
INFO: Run Behavior\ReadHtmlCacheBehavior [ RunTime:0.007818s ]
INFO: [ app_begin ] --END-- [ RunTime:0.008150s ]
INFO: [ view_parse ] --START--
INFO: [ template_filter ] --START--
INFO: Run Behavior\ContentReplaceBehavior [ RunTime:0.000121s ]
INFO: [ template_filter ] --END-- [ RunTime:0.000269s ]
INFO: Run Behavior\ParseTemplateBehavior [ RunTime:0.014837s ]
INFO: [ view_parse ] --END-- [ RunTime:0.014997s ]
INFO: [ view_filter ] --START--
INFO: Run Behavior\WriteHtmlCacheBehavior [ RunTime:0.000459s ]
INFO: [ view_filter ] --END-- [ RunTime:0.000521s ]
INFO: [ app_end ] --START--
INFO: Run Behavior\ShowPageTraceBehavior [ RunTime:0.000924s ]
INFO: [ app_end ] --END-- [ RunTime:0.001008s ]

[ 2018-04-07T19:53:01+08:00 ] 118.163.199.229 /
INFO: [ app_init ] --START--
INFO: Run Behavior\BuildLiteBehavior [ RunTime:0.000063s ]
INFO: [ app_init ] --END-- [ RunTime:0.000901s ]
INFO: [ app_begin ] --START--
INFO: Run Behavior\ReadHtmlCacheBehavior [ RunTime:0.001291s ]
INFO: [ app_begin ] --END-- [ RunTime:0.001446s ]
INFO: [ view_parse ] --START--
INFO: [ template_filter ] --START--
INFO: Run Behavior\ContentReplaceBehavior [ RunTime:0.000091s ]
INFO: [ template_filter ] --END-- [ RunTime:0.000278s ]
INFO: Run Behavior\ParseTemplateBehavior [ RunTime:0.018570s ]
INFO: [ view_parse ] --END-- [ RunTime:0.018673s ]
INFO: [ view_filter ] --START--
INFO: Run Behavior\WriteHtmlCacheBehavior [ RunTime:0.000845s ]
INFO: [ view_filter ] --END-- [ RunTime:0.001129s ]
INFO: [ app_end ] --START--
INFO: Run Behavior\ShowPageTraceBehavior [ RunTime:0.001098s ]
INFO: [ app_end ] --END-- [ RunTime:0.001180s ]

[ 2018-04-07T21:09:30+08:00 ] 183.179.166.122 /
INFO: [ app_init ] --START--
INFO: Run Behavior\BuildLiteBehavior [ RunTime:0.000027s ]
INFO: [ app_init ] --END-- [ RunTime:0.000714s ]
INFO: [ app_begin ] --START--
INFO: Run Behavior\ReadHtmlCacheBehavior [ RunTime:0.001038s ]
INFO: [ app_begin ] --END-- [ RunTime:0.001139s ]
INFO: [ view_parse ] --START--
INFO: [ template_filter ] --START--
INFO: Run Behavior\ContentReplaceBehavior [ RunTime:0.000060s ]
INFO: [ template_filter ] --END-- [ RunTime:0.000268s ]
INFO: Run Behavior\ParseTemplateBehavior [ RunTime:0.017969s ]
INFO: [ view_parse ] --END-- [ RunTime:0.018157s ]
INFO: [ view_filter ] --START--
INFO: Run Behavior\WriteHtmlCacheBehavior [ RunTime:0.000577s ]
INFO: [ view_filter ] --END-- [ RunTime:0.000641s ]
INFO: [ app_end ] --START--
INFO: Run Behavior\ShowPageTraceBehavior [ RunTime:0.001186s ]
INFO: [ app_end ] --END-- [ RunTime:0.001277s ]

