[ 2018-04-05T01:47:23+08:00 ] 180.97.106.164 /check_proxy
INFO: [ app_init ] --START--
INFO: Run Behavior\BuildLiteBehavior [ RunTime:0.000072s ]
INFO: [ app_init ] --END-- [ RunTime:0.010292s ]
ERR: 无法加载模块:Check_proxy

[ 2018-04-05T08:34:15+08:00 ] 212.83.175.107 /wp-includes/wlwmanifest.xml
INFO: [ app_init ] --START--
INFO: Run Behavior\BuildLiteBehavior [ RunTime:0.000024s ]
INFO: [ app_init ] --END-- [ RunTime:0.000714s ]
ERR: 无法加载模块:Wp-includes

[ 2018-04-05T08:34:18+08:00 ] 212.83.175.107 /blog/wp-includes/wlwmanifest.xml
INFO: [ app_init ] --START--
INFO: Run Behavior\BuildLiteBehavior [ RunTime:0.000039s ]
INFO: [ app_init ] --END-- [ RunTime:0.000709s ]
ERR: 无法加载模块:Blog

[ 2018-04-05T08:34:19+08:00 ] 212.83.175.107 /wordpress/wp-includes/wlwmanifest.xml
INFO: [ app_init ] --START--
INFO: Run Behavior\BuildLiteBehavior [ RunTime:0.000561s ]
INFO: [ app_init ] --END-- [ RunTime:0.002045s ]
ERR: 无法加载模块:Wordpress

[ 2018-04-05T08:34:20+08:00 ] 212.83.175.107 /wp/wp-includes/wlwmanifest.xml
INFO: [ app_init ] --START--
INFO: Run Behavior\BuildLiteBehavior [ RunTime:0.000023s ]
INFO: [ app_init ] --END-- [ RunTime:0.000550s ]
ERR: 无法加载模块:Wp

[ 2018-04-05T08:34:21+08:00 ] 212.83.175.107 /site/wp-includes/wlwmanifest.xml
INFO: [ app_init ] --START--
INFO: Run Behavior\BuildLiteBehavior [ RunTime:0.000027s ]
INFO: [ app_init ] --END-- [ RunTime:0.001071s ]
ERR: 无法加载模块:Site

[ 2018-04-05T08:34:22+08:00 ] 212.83.175.107 /cms/wp-includes/wlwmanifest.xml
INFO: [ app_init ] --START--
INFO: Run Behavior\BuildLiteBehavior [ RunTime:0.000024s ]
INFO: [ app_init ] --END-- [ RunTime:0.000567s ]
ERR: 无法加载模块:Cms

[ 2018-04-05T09:56:52+08:00 ] 66.102.6.225 /robots.txt
INFO: [ app_init ] --START--
INFO: Run Behavior\BuildLiteBehavior [ RunTime:0.000034s ]
INFO: [ app_init ] --END-- [ RunTime:0.000845s ]
ERR: 无法加载模块:Robots

[ 2018-04-05T10:43:57+08:00 ] 142.44.154.169 /user/register
INFO: [ app_init ] --START--
INFO: Run Behavior\BuildLiteBehavior [ RunTime:0.000032s ]
INFO: [ app_init ] --END-- [ RunTime:0.000830s ]
ERR: 无法加载模块:User

[ 2018-04-05T17:36:37+08:00 ] 104.192.74.31 /robots.txt
INFO: [ app_init ] --START--
INFO: Run Behavior\BuildLiteBehavior [ RunTime:0.000040s ]
INFO: [ app_init ] --END-- [ RunTime:0.001044s ]
ERR: 无法加载模块:Robots

