[ 2018-04-04T09:57:00+08:00 ] 117.71.59.101 /Baiyii/Index/index.html
INFO: [ app_init ] --START--
INFO: Run Behavior\BuildLiteBehavior [ RunTime:0.000035s ]
INFO: [ app_init ] --END-- [ RunTime:0.003719s ]
ERR: 无法加载模块:Baiyii

[ 2018-04-04T09:57:29+08:00 ] 117.71.59.101 /Baiyii/Index/index.html
INFO: [ app_init ] --START--
INFO: Run Behavior\BuildLiteBehavior [ RunTime:0.000035s ]
INFO: [ app_init ] --END-- [ RunTime:0.000755s ]
ERR: 无法加载模块:Baiyii

[ 2018-04-04T09:59:07+08:00 ] 117.71.59.101 /Baiyii/Index/index.html
INFO: [ app_init ] --START--
INFO: Run Behavior\BuildLiteBehavior [ RunTime:0.000032s ]
INFO: [ app_init ] --END-- [ RunTime:0.000691s ]
ERR: 无法加载模块:Baiyii

[ 2018-04-04T09:59:27+08:00 ] 117.71.59.101 /Baiyii/Index/index.html
INFO: [ app_init ] --START--
INFO: Run Behavior\BuildLiteBehavior [ RunTime:0.000033s ]
INFO: [ app_init ] --END-- [ RunTime:0.000724s ]
ERR: 无法加载模块:Baiyii

[ 2018-04-04T09:59:41+08:00 ] 117.71.59.101 /Baiyii/Index/index.html
INFO: [ app_init ] --START--
INFO: Run Behavior\BuildLiteBehavior [ RunTime:0.000046s ]
INFO: [ app_init ] --END-- [ RunTime:0.001150s ]
ERR: 无法加载模块:Baiyii

[ 2018-04-04T09:59:47+08:00 ] 117.71.59.101 /Baiyii/Index/index.html
INFO: [ app_init ] --START--
INFO: Run Behavior\BuildLiteBehavior [ RunTime:0.000072s ]
INFO: [ app_init ] --END-- [ RunTime:0.001144s ]
ERR: 无法加载模块:Baiyii

[ 2018-04-04T10:00:10+08:00 ] 117.71.59.101 /Baiyii/Index/index.html
INFO: [ app_init ] --START--
INFO: Run Behavior\BuildLiteBehavior [ RunTime:0.000041s ]
INFO: [ app_init ] --END-- [ RunTime:0.001062s ]
ERR: 无法加载模块:Baiyii

[ 2018-04-04T10:03:27+08:00 ] 117.71.59.101 /Baiyii/Index/index.html
INFO: [ app_init ] --START--
INFO: Run Behavior\BuildLiteBehavior [ RunTime:0.000025s ]
INFO: [ app_init ] --END-- [ RunTime:0.000624s ]
ERR: 无法加载模块:Baiyii

[ 2018-04-04T10:04:00+08:00 ] 117.71.59.101 /Baiyii/Index/index.html
INFO: [ app_init ] --START--
INFO: Run Behavior\BuildLiteBehavior [ RunTime:0.000034s ]
INFO: [ app_init ] --END-- [ RunTime:0.001496s ]
ERR: 无法加载模块:Baiyii

[ 2018-04-04T10:05:03+08:00 ] 117.71.59.101 /Baiyii/Index/index.html
INFO: [ app_init ] --START--
INFO: Run Behavior\BuildLiteBehavior [ RunTime:0.000044s ]
INFO: [ app_init ] --END-- [ RunTime:0.002709s ]
ERR: 无法加载模块:Baiyii

[ 2018-04-04T10:05:16+08:00 ] 117.71.59.101 /Baiyii/Index/index.html
INFO: [ app_init ] --START--
INFO: Run Behavior\BuildLiteBehavior [ RunTime:0.000029s ]
INFO: [ app_init ] --END-- [ RunTime:0.000683s ]
ERR: 无法加载模块:Baiyii

[ 2018-04-04T10:05:17+08:00 ] 117.71.59.101 /Baiyii/Index/index.html
INFO: [ app_init ] --START--
INFO: Run Behavior\BuildLiteBehavior [ RunTime:0.000036s ]
INFO: [ app_init ] --END-- [ RunTime:0.001321s ]
ERR: 无法加载模块:Baiyii

[ 2018-04-04T10:34:00+08:00 ] 117.71.59.101 /Public/show/tip.html
INFO: [ app_init ] --START--
INFO: Run Behavior\BuildLiteBehavior [ RunTime:0.000029s ]
INFO: [ app_init ] --END-- [ RunTime:0.000861s ]
ERR: 无法加载模块:Public

[ 2018-04-04T12:10:16+08:00 ] 117.71.59.101 /Baiyi/Index/baiyi.html
INFO: [ app_init ] --START--
INFO: Run Behavior\BuildLiteBehavior [ RunTime:0.000043s ]
INFO: [ app_init ] --END-- [ RunTime:0.009862s ]
ERR: 无法加载模块:502

[ 2018-04-04T13:04:21+08:00 ] 117.71.59.101 /Baiyi/Index/baiyi.html
INFO: [ app_init ] --START--
INFO: Run Behavior\BuildLiteBehavior [ RunTime:0.000040s ]
INFO: [ app_init ] --END-- [ RunTime:0.000775s ]
ERR: 无法加载模块:502

[ 2018-04-04T13:06:22+08:00 ] 117.71.59.101 /Baiyi/Index/baiyi.html
INFO: [ app_init ] --START--
INFO: Run Behavior\BuildLiteBehavior [ RunTime:0.000041s ]
INFO: [ app_init ] --END-- [ RunTime:0.000798s ]
ERR: 无法加载模块:502

[ 2018-04-04T13:10:05+08:00 ] 117.71.59.101 /Baiyi/Index/baiyi.html
INFO: [ app_init ] --START--
INFO: Run Behavior\BuildLiteBehavior [ RunTime:0.000043s ]
INFO: [ app_init ] --END-- [ RunTime:0.000830s ]
ERR: 无法加载模块:502

[ 2018-04-04T13:11:51+08:00 ] 117.71.59.101 /Baiyi/Index/baiyi.html
INFO: [ app_init ] --START--
INFO: Run Behavior\BuildLiteBehavior [ RunTime:0.000074s ]
INFO: [ app_init ] --END-- [ RunTime:0.000931s ]
ERR: 无法加载模块:502

[ 2018-04-04T14:45:26+08:00 ] 103.7.30.106 /wx/?signature=36eccd1d4fbeb1fb5a366d0c3fd43099bec5f5c2&echostr=14027356741989431035&timestamp=1522824328&nonce=2137590396
INFO: [ app_init ] --START--
INFO: Run Behavior\BuildLiteBehavior [ RunTime:0.000031s ]
INFO: [ app_init ] --END-- [ RunTime:0.000884s ]
ERR: 无法加载模块:Wx

[ 2018-04-04T14:46:21+08:00 ] 61.129.8.179 /wx
INFO: [ app_init ] --START--
INFO: Run Behavior\BuildLiteBehavior [ RunTime:0.000035s ]
INFO: [ app_init ] --END-- [ RunTime:0.000803s ]
ERR: 无法加载模块:Wx

[ 2018-04-04T14:46:21+08:00 ] 61.151.178.175 /wx
INFO: [ app_init ] --START--
INFO: Run Behavior\BuildLiteBehavior [ RunTime:0.000034s ]
INFO: [ app_init ] --END-- [ RunTime:0.001018s ]
ERR: 无法加载模块:Wx

[ 2018-04-04T14:46:26+08:00 ] 61.151.178.173 /wx
INFO: [ app_init ] --START--
INFO: Run Behavior\BuildLiteBehavior [ RunTime:0.000033s ]
INFO: [ app_init ] --END-- [ RunTime:0.000708s ]
ERR: 无法加载模块:Wx

[ 2018-04-04T16:57:26+08:00 ] 165.228.65.32 /wls-wsat/CoordinatorPortType
INFO: [ app_init ] --START--
INFO: Run Behavior\BuildLiteBehavior [ RunTime:0.000029s ]
INFO: [ app_init ] --END-- [ RunTime:0.000760s ]
ERR: 无法加载模块:Wls-wsat

[ 2018-04-04T17:01:35+08:00 ] 41.33.170.105 /wp-includes/wlwmanifest.xml
INFO: [ app_init ] --START--
INFO: Run Behavior\BuildLiteBehavior [ RunTime:0.000024s ]
INFO: [ app_init ] --END-- [ RunTime:0.000562s ]
ERR: 无法加载模块:Wp-includes

[ 2018-04-04T17:01:38+08:00 ] 41.33.170.105 /blog/wp-includes/wlwmanifest.xml
INFO: [ app_init ] --START--
INFO: Run Behavior\BuildLiteBehavior [ RunTime:0.000069s ]
INFO: [ app_init ] --END-- [ RunTime:0.000891s ]
ERR: 无法加载模块:Blog

[ 2018-04-04T17:01:39+08:00 ] 41.33.170.105 /wordpress/wp-includes/wlwmanifest.xml
INFO: [ app_init ] --START--
INFO: Run Behavior\BuildLiteBehavior [ RunTime:0.000027s ]
INFO: [ app_init ] --END-- [ RunTime:0.000703s ]
ERR: 无法加载模块:Wordpress

[ 2018-04-04T17:01:40+08:00 ] 41.33.170.105 /wp/wp-includes/wlwmanifest.xml
INFO: [ app_init ] --START--
INFO: Run Behavior\BuildLiteBehavior [ RunTime:0.000034s ]
INFO: [ app_init ] --END-- [ RunTime:0.005583s ]
ERR: 无法加载模块:Wp

[ 2018-04-04T17:01:41+08:00 ] 41.33.170.105 /site/wp-includes/wlwmanifest.xml
INFO: [ app_init ] --START--
INFO: Run Behavior\BuildLiteBehavior [ RunTime:0.000041s ]
INFO: [ app_init ] --END-- [ RunTime:0.001515s ]
ERR: 无法加载模块:Site

[ 2018-04-04T17:01:42+08:00 ] 41.33.170.105 /cms/wp-includes/wlwmanifest.xml
INFO: [ app_init ] --START--
INFO: Run Behavior\BuildLiteBehavior [ RunTime:0.000035s ]
INFO: [ app_init ] --END-- [ RunTime:0.000740s ]
ERR: 无法加载模块:Cms

[ 2018-04-04T21:21:00+08:00 ] 119.146.236.219 /wls-wsat/CoordinatorPortType
INFO: [ app_init ] --START--
INFO: Run Behavior\BuildLiteBehavior [ RunTime:0.000040s ]
INFO: [ app_init ] --END-- [ RunTime:0.014758s ]
ERR: 无法加载模块:Wls-wsat

