[ 2018-03-22T10:34:55+08:00 ] 127.0.0.1 /baiyi
INFO: [ app_init ] --START--
INFO: Run Behavior\BuildLiteBehavior [ RunTime:0.000023s ]
INFO: [ app_init ] --END-- [ RunTime:0.000471s ]
INFO: [ app_begin ] --START--
INFO: Run Behavior\ReadHtmlCacheBehavior [ RunTime:0.001293s ]
INFO: [ app_begin ] --END-- [ RunTime:0.001440s ]
INFO: [ view_parse ] --START--
INFO: [ template_filter ] --START--
INFO: Run Behavior\ContentReplaceBehavior [ RunTime:0.000057s ]
INFO: [ template_filter ] --END-- [ RunTime:0.000153s ]
INFO: Run Behavior\ParseTemplateBehavior [ RunTime:0.008385s ]
INFO: [ view_parse ] --END-- [ RunTime:0.008538s ]
INFO: [ view_filter ] --START--
INFO: Run Behavior\WriteHtmlCacheBehavior [ RunTime:0.000862s ]
INFO: [ view_filter ] --END-- [ RunTime:0.001047s ]
INFO: [ app_end ] --START--
INFO: Run Behavior\ShowPageTraceBehavior [ RunTime:0.000675s ]
INFO: [ app_end ] --END-- [ RunTime:0.000769s ]

[ 2018-03-22T10:34:55+08:00 ] 127.0.0.1 /Baiyi/Index/editpwd.html
INFO: [ app_init ] --START--
INFO: Run Behavior\BuildLiteBehavior [ RunTime:0.000022s ]
INFO: [ app_init ] --END-- [ RunTime:0.000407s ]
INFO: [ app_begin ] --START--
INFO: Run Behavior\ReadHtmlCacheBehavior [ RunTime:0.000626s ]
INFO: [ app_begin ] --END-- [ RunTime:0.000734s ]
NOTIC: [8] Undefined index: id E:\wamp\www\mythinkphp\Application\Baiyi\Controller\IndexController.class.php 第 9 行.
INFO: [ view_parse ] --START--
INFO: [ template_filter ] --START--
INFO: Run Behavior\ContentReplaceBehavior [ RunTime:0.000065s ]
INFO: [ template_filter ] --END-- [ RunTime:0.000203s ]
NOTIC: [8] Undefined index: role_name E:\wamp\www\mythinkphp\Application\Runtime\Cache\Baiyi\7f4048cd9ba6a358729c1640401cfa51.php 第 38 行.
INFO: Run Behavior\ParseTemplateBehavior [ RunTime:0.009058s ]
INFO: [ view_parse ] --END-- [ RunTime:0.009155s ]
INFO: [ view_filter ] --START--
INFO: Run Behavior\WriteHtmlCacheBehavior [ RunTime:0.000487s ]
INFO: [ view_filter ] --END-- [ RunTime:0.000576s ]
INFO: [ app_end ] --START--
INFO: Run Behavior\ShowPageTraceBehavior [ RunTime:0.000566s ]
INFO: [ app_end ] --END-- [ RunTime:0.000655s ]

[ 2018-03-22T10:34:57+08:00 ] 127.0.0.1 /Baiyi/Index/editpwd.html
INFO: [ app_init ] --START--
INFO: Run Behavior\BuildLiteBehavior [ RunTime:0.000035s ]
INFO: [ app_init ] --END-- [ RunTime:0.000796s ]
INFO: [ app_begin ] --START--
INFO: Run Behavior\ReadHtmlCacheBehavior [ RunTime:0.000812s ]
INFO: [ app_begin ] --END-- [ RunTime:0.000982s ]
NOTIC: [8] Undefined index: id E:\wamp\www\mythinkphp\Application\Baiyi\Controller\IndexController.class.php 第 9 行.
INFO: [ view_parse ] --START--
INFO: [ template_filter ] --START--
INFO: Run Behavior\ContentReplaceBehavior [ RunTime:0.000090s ]
INFO: [ template_filter ] --END-- [ RunTime:0.000289s ]
NOTIC: [8] Undefined index: role_name E:\wamp\www\mythinkphp\Application\Runtime\Cache\Baiyi\7f4048cd9ba6a358729c1640401cfa51.php 第 38 行.
INFO: Run Behavior\ParseTemplateBehavior [ RunTime:0.009842s ]
INFO: [ view_parse ] --END-- [ RunTime:0.009987s ]
INFO: [ view_filter ] --START--
INFO: Run Behavior\WriteHtmlCacheBehavior [ RunTime:0.000713s ]
INFO: [ view_filter ] --END-- [ RunTime:0.000815s ]
INFO: [ app_end ] --START--
INFO: Run Behavior\ShowPageTraceBehavior [ RunTime:0.000770s ]
INFO: [ app_end ] --END-- [ RunTime:0.000910s ]

[ 2018-03-22T10:34:58+08:00 ] 127.0.0.1 /Baiyi/Article/index.html
INFO: [ app_init ] --START--
INFO: Run Behavior\BuildLiteBehavior [ RunTime:0.000024s ]
INFO: [ app_init ] --END-- [ RunTime:0.000437s ]
INFO: [ app_begin ] --START--
INFO: Run Behavior\ReadHtmlCacheBehavior [ RunTime:0.000728s ]
INFO: [ app_begin ] --END-- [ RunTime:0.000854s ]
ERR: 无法加载控制器:Article

[ 2018-03-22T10:35:00+08:00 ] 127.0.0.1 /Baiyi/User/index.html
INFO: [ app_init ] --START--
INFO: Run Behavior\BuildLiteBehavior [ RunTime:0.000040s ]
INFO: [ app_init ] --END-- [ RunTime:0.000693s ]
INFO: [ app_begin ] --START--
INFO: Run Behavior\ReadHtmlCacheBehavior [ RunTime:0.000560s ]
INFO: [ app_begin ] --END-- [ RunTime:0.000659s ]
SQL: SHOW COLUMNS FROM `love_admin` [ RunTime:0.0072s ]
SQL: SELECT * FROM `love_admin`  [ RunTime:0.0004s ]
INFO: [ view_parse ] --START--
NOTIC: [2] file_get_contents(./Application/Baiyi/View/User/footer.html): failed to open stream: No such file or directory E:\wamp\www\mythinkphp\ThinkPHP\Library\Think\Template.class.php 第 696 行.
INFO: [ template_filter ] --START--
INFO: Run Behavior\ContentReplaceBehavior [ RunTime:0.000070s ]
INFO: [ template_filter ] --END-- [ RunTime:0.000175s ]
NOTIC: [8] Undefined variable: role E:\wamp\www\mythinkphp\Application\Runtime\Cache\Baiyi\c7d88d8f40e656f8caf490529ecdb058.php 第 73 行.
NOTIC: [2] Invalid argument supplied for foreach() E:\wamp\www\mythinkphp\Application\Runtime\Cache\Baiyi\c7d88d8f40e656f8caf490529ecdb058.php 第 73 行.
INFO: Run Behavior\ParseTemplateBehavior [ RunTime:0.013699s ]
INFO: [ view_parse ] --END-- [ RunTime:0.013864s ]
INFO: [ view_filter ] --START--
INFO: Run Behavior\WriteHtmlCacheBehavior [ RunTime:0.000692s ]
INFO: [ view_filter ] --END-- [ RunTime:0.000811s ]
INFO: [ app_end ] --START--
INFO: Run Behavior\ShowPageTraceBehavior [ RunTime:0.000603s ]
INFO: [ app_end ] --END-- [ RunTime:0.000694s ]

[ 2018-03-22T10:47:46+08:00 ] 127.0.0.1 /Baiyi/User/index.html
INFO: [ app_init ] --START--
INFO: Run Behavior\BuildLiteBehavior [ RunTime:0.000022s ]
INFO: [ app_init ] --END-- [ RunTime:0.000454s ]
INFO: [ app_begin ] --START--
INFO: Run Behavior\ReadHtmlCacheBehavior [ RunTime:0.000590s ]
INFO: [ app_begin ] --END-- [ RunTime:0.000684s ]
SQL: SHOW COLUMNS FROM `love_admin` [ RunTime:0.0055s ]
SQL: SELECT * FROM `love_admin`  [ RunTime:0.0003s ]
INFO: [ view_parse ] --START--
NOTIC: [2] file_get_contents(./Application/Baiyi/View/User/footer.html): failed to open stream: No such file or directory E:\wamp\www\mythinkphp\ThinkPHP\Library\Think\Template.class.php 第 696 行.
INFO: [ template_filter ] --START--
INFO: Run Behavior\ContentReplaceBehavior [ RunTime:0.000080s ]
INFO: [ template_filter ] --END-- [ RunTime:0.000189s ]
NOTIC: [8] Undefined variable: role E:\wamp\www\mythinkphp\Application\Runtime\Cache\Baiyi\c7d88d8f40e656f8caf490529ecdb058.php 第 73 行.
NOTIC: [2] Invalid argument supplied for foreach() E:\wamp\www\mythinkphp\Application\Runtime\Cache\Baiyi\c7d88d8f40e656f8caf490529ecdb058.php 第 73 行.
INFO: Run Behavior\ParseTemplateBehavior [ RunTime:0.010253s ]
INFO: [ view_parse ] --END-- [ RunTime:0.010387s ]
INFO: [ view_filter ] --START--
INFO: Run Behavior\WriteHtmlCacheBehavior [ RunTime:0.000516s ]
INFO: [ view_filter ] --END-- [ RunTime:0.000603s ]
INFO: [ app_end ] --START--
INFO: Run Behavior\ShowPageTraceBehavior [ RunTime:0.000619s ]
INFO: [ app_end ] --END-- [ RunTime:0.000707s ]

[ 2018-03-22T11:24:17+08:00 ] 127.0.0.1 /baiyi
INFO: [ app_init ] --START--
INFO: Run Behavior\BuildLiteBehavior [ RunTime:0.000035s ]
INFO: [ app_init ] --END-- [ RunTime:0.000873s ]
INFO: [ app_begin ] --START--
INFO: Run Behavior\ReadHtmlCacheBehavior [ RunTime:0.001201s ]
INFO: [ app_begin ] --END-- [ RunTime:0.001478s ]
INFO: [ view_parse ] --START--
INFO: [ template_filter ] --START--
INFO: Run Behavior\ContentReplaceBehavior [ RunTime:0.000098s ]
INFO: [ template_filter ] --END-- [ RunTime:0.000271s ]
INFO: Run Behavior\ParseTemplateBehavior [ RunTime:0.029201s ]
INFO: [ view_parse ] --END-- [ RunTime:0.029382s ]
INFO: [ view_filter ] --START--
INFO: Run Behavior\WriteHtmlCacheBehavior [ RunTime:0.000747s ]
INFO: [ view_filter ] --END-- [ RunTime:0.001124s ]
INFO: [ app_end ] --START--
INFO: Run Behavior\ShowPageTraceBehavior [ RunTime:0.000941s ]
INFO: [ app_end ] --END-- [ RunTime:0.001250s ]

[ 2018-03-22T11:24:17+08:00 ] 127.0.0.1 /Baiyi/Index/editpwd.html
INFO: [ app_init ] --START--
INFO: Run Behavior\BuildLiteBehavior [ RunTime:0.000045s ]
INFO: [ app_init ] --END-- [ RunTime:0.000576s ]
INFO: [ app_begin ] --START--
INFO: Run Behavior\ReadHtmlCacheBehavior [ RunTime:0.000607s ]
INFO: [ app_begin ] --END-- [ RunTime:0.000742s ]
NOTIC: [8] Undefined index: id E:\wamp\www\mythinkphp\Application\Baiyi\Controller\IndexController.class.php 第 9 行.
INFO: [ view_parse ] --START--
INFO: [ template_filter ] --START--
INFO: Run Behavior\ContentReplaceBehavior [ RunTime:0.000151s ]
INFO: [ template_filter ] --END-- [ RunTime:0.000438s ]
NOTIC: [8] Undefined index: role_name E:\wamp\www\mythinkphp\Application\Runtime\Cache\Baiyi\7f4048cd9ba6a358729c1640401cfa51.php 第 38 行.
INFO: Run Behavior\ParseTemplateBehavior [ RunTime:0.014636s ]
INFO: [ view_parse ] --END-- [ RunTime:0.014755s ]
INFO: [ view_filter ] --START--
INFO: Run Behavior\WriteHtmlCacheBehavior [ RunTime:0.000723s ]
INFO: [ view_filter ] --END-- [ RunTime:0.000869s ]
INFO: [ app_end ] --START--
INFO: Run Behavior\ShowPageTraceBehavior [ RunTime:0.001051s ]
INFO: [ app_end ] --END-- [ RunTime:0.001242s ]

[ 2018-03-22T11:27:02+08:00 ] 127.0.0.1 /baiyi
INFO: [ app_init ] --START--
INFO: Run Behavior\BuildLiteBehavior [ RunTime:0.000049s ]
INFO: [ app_init ] --END-- [ RunTime:0.000793s ]
INFO: [ app_begin ] --START--
INFO: Run Behavior\ReadHtmlCacheBehavior [ RunTime:0.000635s ]
INFO: [ app_begin ] --END-- [ RunTime:0.000740s ]
NOTIC: [2] session_start(): Cannot send session cache limiter - headers already sent (output started at E:\wamp\www\mythinkphp\index.php:31) E:\wamp\www\mythinkphp\ThinkPHP\Common\functions.php 第 1263 行.
INFO: [ view_parse ] --START--
INFO: [ template_filter ] --START--
INFO: Run Behavior\ContentReplaceBehavior [ RunTime:0.000101s ]
INFO: [ template_filter ] --END-- [ RunTime:0.000280s ]
INFO: Run Behavior\ParseTemplateBehavior [ RunTime:0.019275s ]
INFO: [ view_parse ] --END-- [ RunTime:0.019438s ]
INFO: [ view_filter ] --START--
INFO: Run Behavior\WriteHtmlCacheBehavior [ RunTime:0.000926s ]
INFO: [ view_filter ] --END-- [ RunTime:0.001048s ]
NOTIC: [2] Cannot modify header information - headers already sent by (output started at E:\wamp\www\mythinkphp\index.php:31) E:\wamp\www\mythinkphp\ThinkPHP\Library\Think\View.class.php 第 91 行.
NOTIC: [2] Cannot modify header information - headers already sent by (output started at E:\wamp\www\mythinkphp\index.php:31) E:\wamp\www\mythinkphp\ThinkPHP\Library\Think\View.class.php 第 92 行.
NOTIC: [2] Cannot modify header information - headers already sent by (output started at E:\wamp\www\mythinkphp\index.php:31) E:\wamp\www\mythinkphp\ThinkPHP\Library\Think\View.class.php 第 93 行.
INFO: [ app_end ] --START--
INFO: Run Behavior\ShowPageTraceBehavior [ RunTime:0.001305s ]
INFO: [ app_end ] --END-- [ RunTime:0.001465s ]

[ 2018-03-22T11:27:03+08:00 ] 127.0.0.1 /Baiyi/Index/editpwd.html
INFO: [ app_init ] --START--
INFO: Run Behavior\BuildLiteBehavior [ RunTime:0.000043s ]
INFO: [ app_init ] --END-- [ RunTime:0.001356s ]
INFO: [ app_begin ] --START--
INFO: Run Behavior\ReadHtmlCacheBehavior [ RunTime:0.001456s ]
INFO: [ app_begin ] --END-- [ RunTime:0.001860s ]
NOTIC: [2] session_start(): Cannot send session cache limiter - headers already sent (output started at E:\wamp\www\mythinkphp\index.php:31) E:\wamp\www\mythinkphp\ThinkPHP\Common\functions.php 第 1263 行.
NOTIC: [8] Undefined index: id E:\wamp\www\mythinkphp\Application\Baiyi\Controller\IndexController.class.php 第 9 行.
INFO: [ view_parse ] --START--
INFO: [ template_filter ] --START--
INFO: Run Behavior\ContentReplaceBehavior [ RunTime:0.000111s ]
INFO: [ template_filter ] --END-- [ RunTime:0.000299s ]
NOTIC: [8] Undefined index: role_name E:\wamp\www\mythinkphp\Application\Runtime\Cache\Baiyi\7f4048cd9ba6a358729c1640401cfa51.php 第 38 行.
INFO: Run Behavior\ParseTemplateBehavior [ RunTime:0.025541s ]
INFO: [ view_parse ] --END-- [ RunTime:0.025701s ]
INFO: [ view_filter ] --START--
INFO: Run Behavior\WriteHtmlCacheBehavior [ RunTime:0.000459s ]
INFO: [ view_filter ] --END-- [ RunTime:0.000579s ]
NOTIC: [2] Cannot modify header information - headers already sent by (output started at E:\wamp\www\mythinkphp\index.php:31) E:\wamp\www\mythinkphp\ThinkPHP\Library\Think\View.class.php 第 91 行.
NOTIC: [2] Cannot modify header information - headers already sent by (output started at E:\wamp\www\mythinkphp\index.php:31) E:\wamp\www\mythinkphp\ThinkPHP\Library\Think\View.class.php 第 92 行.
NOTIC: [2] Cannot modify header information - headers already sent by (output started at E:\wamp\www\mythinkphp\index.php:31) E:\wamp\www\mythinkphp\ThinkPHP\Library\Think\View.class.php 第 93 行.
INFO: [ app_end ] --START--
INFO: Run Behavior\ShowPageTraceBehavior [ RunTime:0.000602s ]
INFO: [ app_end ] --END-- [ RunTime:0.000718s ]

[ 2018-03-22T11:27:03+08:00 ] 127.0.0.1 /Baiyi/Index/__DOMAIN__/Public/admin/js/pintuer.js
INFO: [ app_init ] --START--
INFO: Run Behavior\BuildLiteBehavior [ RunTime:0.000040s ]
INFO: [ app_init ] --END-- [ RunTime:0.000682s ]
INFO: [ app_begin ] --START--
INFO: Run Behavior\ReadHtmlCacheBehavior [ RunTime:0.000899s ]
INFO: [ app_begin ] --END-- [ RunTime:0.001080s ]
NOTIC: [2] session_start(): Cannot send session cache limiter - headers already sent (output started at E:\wamp\www\mythinkphp\index.php:31) E:\wamp\www\mythinkphp\ThinkPHP\Common\functions.php 第 1263 行.
ERR: 非法操作:__DOMAIN__
NOTIC: [2] Cannot modify header information - headers already sent by (output started at E:\wamp\www\mythinkphp\index.php:31) E:\wamp\www\mythinkphp\ThinkPHP\Library\Think\Think.class.php 第 229 行.
NOTIC: [2] Cannot modify header information - headers already sent by (output started at E:\wamp\www\mythinkphp\index.php:31) E:\wamp\www\mythinkphp\ThinkPHP\Library\Think\Think.class.php 第 230 行.

[ 2018-03-22T11:27:03+08:00 ] 127.0.0.1 /Baiyi/Index/__DOMAIN__/Public/admin/js/jquery.js
INFO: [ app_init ] --START--
INFO: Run Behavior\BuildLiteBehavior [ RunTime:0.000037s ]
INFO: [ app_init ] --END-- [ RunTime:0.000665s ]
INFO: [ app_begin ] --START--
INFO: Run Behavior\ReadHtmlCacheBehavior [ RunTime:0.000863s ]
INFO: [ app_begin ] --END-- [ RunTime:0.001064s ]
NOTIC: [2] session_start(): Cannot send session cache limiter - headers already sent (output started at E:\wamp\www\mythinkphp\index.php:31) E:\wamp\www\mythinkphp\ThinkPHP\Common\functions.php 第 1263 行.
ERR: 非法操作:__DOMAIN__
NOTIC: [2] Cannot modify header information - headers already sent by (output started at E:\wamp\www\mythinkphp\index.php:31) E:\wamp\www\mythinkphp\ThinkPHP\Library\Think\Think.class.php 第 229 行.
NOTIC: [2] Cannot modify header information - headers already sent by (output started at E:\wamp\www\mythinkphp\index.php:31) E:\wamp\www\mythinkphp\ThinkPHP\Library\Think\Think.class.php 第 230 行.

[ 2018-03-22T11:27:03+08:00 ] 127.0.0.1 /Baiyi/Index/__DOMAIN__/Public/admin/css/pintuer.css
INFO: [ app_init ] --START--
INFO: Run Behavior\BuildLiteBehavior [ RunTime:0.000033s ]
INFO: [ app_init ] --END-- [ RunTime:0.000611s ]
INFO: [ app_begin ] --START--
INFO: Run Behavior\ReadHtmlCacheBehavior [ RunTime:0.000996s ]
INFO: [ app_begin ] --END-- [ RunTime:0.001361s ]
NOTIC: [2] session_start(): Cannot send session cache limiter - headers already sent (output started at E:\wamp\www\mythinkphp\index.php:31) E:\wamp\www\mythinkphp\ThinkPHP\Common\functions.php 第 1263 行.
ERR: 非法操作:__DOMAIN__
NOTIC: [2] Cannot modify header information - headers already sent by (output started at E:\wamp\www\mythinkphp\index.php:31) E:\wamp\www\mythinkphp\ThinkPHP\Library\Think\Think.class.php 第 229 行.
NOTIC: [2] Cannot modify header information - headers already sent by (output started at E:\wamp\www\mythinkphp\index.php:31) E:\wamp\www\mythinkphp\ThinkPHP\Library\Think\Think.class.php 第 230 行.

[ 2018-03-22T11:27:03+08:00 ] 127.0.0.1 /Baiyi/Index/__DOMAIN__/Public/admin/css/admin.css
INFO: [ app_init ] --START--
INFO: Run Behavior\BuildLiteBehavior [ RunTime:0.000043s ]
INFO: [ app_init ] --END-- [ RunTime:0.002111s ]
INFO: [ app_begin ] --START--
INFO: Run Behavior\ReadHtmlCacheBehavior [ RunTime:0.000737s ]
INFO: [ app_begin ] --END-- [ RunTime:0.000932s ]
NOTIC: [2] session_start(): Cannot send session cache limiter - headers already sent (output started at E:\wamp\www\mythinkphp\index.php:31) E:\wamp\www\mythinkphp\ThinkPHP\Common\functions.php 第 1263 行.
ERR: 非法操作:__DOMAIN__
NOTIC: [2] Cannot modify header information - headers already sent by (output started at E:\wamp\www\mythinkphp\index.php:31) E:\wamp\www\mythinkphp\ThinkPHP\Library\Think\Think.class.php 第 229 行.
NOTIC: [2] Cannot modify header information - headers already sent by (output started at E:\wamp\www\mythinkphp\index.php:31) E:\wamp\www\mythinkphp\ThinkPHP\Library\Think\Think.class.php 第 230 行.

[ 2018-03-22T11:27:03+08:00 ] 127.0.0.1 /Baiyi/Index/__DOMAIN__/Public/admin/js/main.js
INFO: [ app_init ] --START--
INFO: Run Behavior\BuildLiteBehavior [ RunTime:0.000037s ]
INFO: [ app_init ] --END-- [ RunTime:0.000658s ]
INFO: [ app_begin ] --START--
INFO: Run Behavior\ReadHtmlCacheBehavior [ RunTime:0.001029s ]
INFO: [ app_begin ] --END-- [ RunTime:0.001216s ]
NOTIC: [2] session_start(): Cannot send session cache limiter - headers already sent (output started at E:\wamp\www\mythinkphp\index.php:31) E:\wamp\www\mythinkphp\ThinkPHP\Common\functions.php 第 1263 行.
ERR: 非法操作:__DOMAIN__
NOTIC: [2] Cannot modify header information - headers already sent by (output started at E:\wamp\www\mythinkphp\index.php:31) E:\wamp\www\mythinkphp\ThinkPHP\Library\Think\Think.class.php 第 229 行.
NOTIC: [2] Cannot modify header information - headers already sent by (output started at E:\wamp\www\mythinkphp\index.php:31) E:\wamp\www\mythinkphp\ThinkPHP\Library\Think\Think.class.php 第 230 行.

[ 2018-03-22T11:27:03+08:00 ] 127.0.0.1 /Baiyi/Index/__DOMAIN__/Public/admin/js/special.js
INFO: [ app_init ] --START--
INFO: Run Behavior\BuildLiteBehavior [ RunTime:0.000039s ]
INFO: [ app_init ] --END-- [ RunTime:0.001349s ]
INFO: [ app_begin ] --START--
INFO: Run Behavior\ReadHtmlCacheBehavior [ RunTime:0.001187s ]
INFO: [ app_begin ] --END-- [ RunTime:0.001432s ]
NOTIC: [2] session_start(): Cannot send session cache limiter - headers already sent (output started at E:\wamp\www\mythinkphp\index.php:31) E:\wamp\www\mythinkphp\ThinkPHP\Common\functions.php 第 1263 行.
ERR: 非法操作:__DOMAIN__
NOTIC: [2] Cannot modify header information - headers already sent by (output started at E:\wamp\www\mythinkphp\index.php:31) E:\wamp\www\mythinkphp\ThinkPHP\Library\Think\Think.class.php 第 229 行.
NOTIC: [2] Cannot modify header information - headers already sent by (output started at E:\wamp\www\mythinkphp\index.php:31) E:\wamp\www\mythinkphp\ThinkPHP\Library\Think\Think.class.php 第 230 行.

[ 2018-03-22T11:27:34+08:00 ] 127.0.0.1 /baiyi
INFO: [ app_init ] --START--
INFO: Run Behavior\BuildLiteBehavior [ RunTime:0.000055s ]
INFO: [ app_init ] --END-- [ RunTime:0.001472s ]
INFO: [ app_begin ] --START--
INFO: Run Behavior\ReadHtmlCacheBehavior [ RunTime:0.000470s ]
INFO: [ app_begin ] --END-- [ RunTime:0.000572s ]
INFO: [ view_parse ] --START--
INFO: [ template_filter ] --START--
INFO: Run Behavior\ContentReplaceBehavior [ RunTime:0.000098s ]
INFO: [ template_filter ] --END-- [ RunTime:0.000274s ]
INFO: Run Behavior\ParseTemplateBehavior [ RunTime:0.011746s ]
INFO: [ view_parse ] --END-- [ RunTime:0.011857s ]
INFO: [ view_filter ] --START--
INFO: Run Behavior\WriteHtmlCacheBehavior [ RunTime:0.000551s ]
INFO: [ view_filter ] --END-- [ RunTime:0.000652s ]
INFO: [ app_end ] --START--
INFO: Run Behavior\ShowPageTraceBehavior [ RunTime:0.000524s ]
INFO: [ app_end ] --END-- [ RunTime:0.000614s ]

[ 2018-03-22T11:27:39+08:00 ] 127.0.0.1 /Baiyi/Index/editpwd.html
INFO: [ app_init ] --START--
INFO: Run Behavior\BuildLiteBehavior [ RunTime:0.000043s ]
INFO: [ app_init ] --END-- [ RunTime:0.000963s ]
INFO: [ app_begin ] --START--
INFO: Run Behavior\ReadHtmlCacheBehavior [ RunTime:0.001389s ]
INFO: [ app_begin ] --END-- [ RunTime:0.001567s ]
NOTIC: [8] Undefined index: id E:\wamp\www\mythinkphp\Application\Baiyi\Controller\IndexController.class.php 第 9 行.
INFO: [ view_parse ] --START--
INFO: [ template_filter ] --START--
INFO: Run Behavior\ContentReplaceBehavior [ RunTime:0.000071s ]
INFO: [ template_filter ] --END-- [ RunTime:0.000201s ]
NOTIC: [8] Undefined index: role_name E:\wamp\www\mythinkphp\Application\Runtime\Cache\Baiyi\7f4048cd9ba6a358729c1640401cfa51.php 第 38 行.
INFO: Run Behavior\ParseTemplateBehavior [ RunTime:0.008708s ]
INFO: [ view_parse ] --END-- [ RunTime:0.008811s ]
INFO: [ view_filter ] --START--
INFO: Run Behavior\WriteHtmlCacheBehavior [ RunTime:0.000608s ]
INFO: [ view_filter ] --END-- [ RunTime:0.000704s ]
INFO: [ app_end ] --START--
INFO: Run Behavior\ShowPageTraceBehavior [ RunTime:0.001958s ]
INFO: [ app_end ] --END-- [ RunTime:0.002217s ]

[ 2018-03-22T11:28:02+08:00 ] 127.0.0.1 /baiyi
INFO: [ app_init ] --START--
INFO: Run Behavior\BuildLiteBehavior [ RunTime:0.000034s ]
INFO: [ app_init ] --END-- [ RunTime:0.000654s ]
INFO: [ app_begin ] --START--
INFO: Run Behavior\ReadHtmlCacheBehavior [ RunTime:0.001240s ]
INFO: [ app_begin ] --END-- [ RunTime:0.001429s ]
INFO: [ view_parse ] --START--
INFO: [ template_filter ] --START--
INFO: Run Behavior\ContentReplaceBehavior [ RunTime:0.000061s ]
INFO: [ template_filter ] --END-- [ RunTime:0.000198s ]
INFO: Run Behavior\ParseTemplateBehavior [ RunTime:0.010280s ]
INFO: [ view_parse ] --END-- [ RunTime:0.010383s ]
INFO: [ view_filter ] --START--
INFO: Run Behavior\WriteHtmlCacheBehavior [ RunTime:0.000468s ]
INFO: [ view_filter ] --END-- [ RunTime:0.000557s ]
INFO: [ app_end ] --START--
INFO: Run Behavior\ShowPageTraceBehavior [ RunTime:0.000573s ]
INFO: [ app_end ] --END-- [ RunTime:0.000660s ]

[ 2018-03-22T11:28:02+08:00 ] 127.0.0.1 /Baiyi/Index/editpwd.html
INFO: [ app_init ] --START--
INFO: Run Behavior\BuildLiteBehavior [ RunTime:0.000023s ]
INFO: [ app_init ] --END-- [ RunTime:0.000491s ]
INFO: [ app_begin ] --START--
INFO: Run Behavior\ReadHtmlCacheBehavior [ RunTime:0.002125s ]
INFO: [ app_begin ] --END-- [ RunTime:0.002358s ]
NOTIC: [8] Undefined index: id E:\wamp\www\mythinkphp\Application\Baiyi\Controller\IndexController.class.php 第 9 行.
INFO: [ view_parse ] --START--
INFO: [ template_filter ] --START--
INFO: Run Behavior\ContentReplaceBehavior [ RunTime:0.000207s ]
INFO: [ template_filter ] --END-- [ RunTime:0.000779s ]
NOTIC: [8] Undefined index: role_name E:\wamp\www\mythinkphp\Application\Runtime\Cache\Baiyi\7f4048cd9ba6a358729c1640401cfa51.php 第 38 行.
INFO: Run Behavior\ParseTemplateBehavior [ RunTime:0.018907s ]
INFO: [ view_parse ] --END-- [ RunTime:0.019096s ]
INFO: [ view_filter ] --START--
INFO: Run Behavior\WriteHtmlCacheBehavior [ RunTime:0.001108s ]
INFO: [ view_filter ] --END-- [ RunTime:0.001309s ]
INFO: [ app_end ] --START--
INFO: Run Behavior\ShowPageTraceBehavior [ RunTime:0.001289s ]
INFO: [ app_end ] --END-- [ RunTime:0.001496s ]

[ 2018-03-22T13:58:27+08:00 ] 127.0.0.1 /Baiyi/Index/baiyi.html
INFO: [ app_init ] --START--
INFO: Run Behavior\BuildLiteBehavior [ RunTime:0.000038s ]
INFO: [ app_init ] --END-- [ RunTime:0.000736s ]
INFO: [ app_begin ] --START--
INFO: Run Behavior\ReadHtmlCacheBehavior [ RunTime:0.000827s ]
INFO: [ app_begin ] --END-- [ RunTime:0.001050s ]
ERR: 非法操作:baiyi

[ 2018-03-22T13:58:28+08:00 ] 127.0.0.1 /Baiyi/Index/editpwd.html
INFO: [ app_init ] --START--
INFO: Run Behavior\BuildLiteBehavior [ RunTime:0.000021s ]
INFO: [ app_init ] --END-- [ RunTime:0.000406s ]
INFO: [ app_begin ] --START--
INFO: Run Behavior\ReadHtmlCacheBehavior [ RunTime:0.000428s ]
INFO: [ app_begin ] --END-- [ RunTime:0.000528s ]
NOTIC: [8] Undefined index: id E:\wamp\www\mythinkphp\Application\Baiyi\Controller\IndexController.class.php 第 9 行.
INFO: [ view_parse ] --START--
INFO: [ template_filter ] --START--
INFO: Run Behavior\ContentReplaceBehavior [ RunTime:0.000098s ]
INFO: [ template_filter ] --END-- [ RunTime:0.000277s ]
NOTIC: [8] Undefined index: role_name E:\wamp\www\mythinkphp\Application\Runtime\Cache\Baiyi\7f4048cd9ba6a358729c1640401cfa51.php 第 38 行.
INFO: Run Behavior\ParseTemplateBehavior [ RunTime:0.012133s ]
INFO: [ view_parse ] --END-- [ RunTime:0.012260s ]
INFO: [ view_filter ] --START--
INFO: Run Behavior\WriteHtmlCacheBehavior [ RunTime:0.000708s ]
INFO: [ view_filter ] --END-- [ RunTime:0.000847s ]
INFO: [ app_end ] --START--
INFO: Run Behavior\ShowPageTraceBehavior [ RunTime:0.000810s ]
INFO: [ app_end ] --END-- [ RunTime:0.000962s ]

[ 2018-03-22T13:58:28+08:00 ] 127.0.0.1 /Baiyi/Index/baiyi.html
INFO: [ app_init ] --START--
INFO: Run Behavior\BuildLiteBehavior [ RunTime:0.000036s ]
INFO: [ app_init ] --END-- [ RunTime:0.000687s ]
INFO: [ app_begin ] --START--
INFO: Run Behavior\ReadHtmlCacheBehavior [ RunTime:0.001074s ]
INFO: [ app_begin ] --END-- [ RunTime:0.001274s ]
ERR: 非法操作:baiyi

[ 2018-03-22T14:31:13+08:00 ] 127.0.0.1 /Baiyi/Login/loginOut.html
INFO: [ app_init ] --START--
INFO: Run Behavior\BuildLiteBehavior [ RunTime:0.000023s ]
INFO: [ app_init ] --END-- [ RunTime:0.000489s ]
INFO: [ app_begin ] --START--
INFO: Run Behavior\ReadHtmlCacheBehavior [ RunTime:0.000600s ]
INFO: [ app_begin ] --END-- [ RunTime:0.000705s ]

[ 2018-03-22T14:31:14+08:00 ] 127.0.0.1 /Baiyi/Login/index
INFO: [ app_init ] --START--
INFO: Run Behavior\BuildLiteBehavior [ RunTime:0.000025s ]
INFO: [ app_init ] --END-- [ RunTime:0.000438s ]
INFO: [ app_begin ] --START--
INFO: Run Behavior\ReadHtmlCacheBehavior [ RunTime:0.000548s ]
INFO: [ app_begin ] --END-- [ RunTime:0.000652s ]
INFO: [ view_parse ] --START--
INFO: [ template_filter ] --START--
INFO: Run Behavior\ContentReplaceBehavior [ RunTime:0.000100s ]
INFO: [ template_filter ] --END-- [ RunTime:0.000273s ]
INFO: Run Behavior\ParseTemplateBehavior [ RunTime:0.010315s ]
INFO: [ view_parse ] --END-- [ RunTime:0.010423s ]
INFO: [ view_filter ] --START--
INFO: Run Behavior\WriteHtmlCacheBehavior [ RunTime:0.000486s ]
INFO: [ view_filter ] --END-- [ RunTime:0.000596s ]
INFO: [ app_end ] --START--
INFO: Run Behavior\ShowPageTraceBehavior [ RunTime:0.000927s ]
INFO: [ app_end ] --END-- [ RunTime:0.001104s ]

[ 2018-03-22T14:31:14+08:00 ] 127.0.0.1 /Baiyi/Login/verify.html
INFO: [ app_init ] --START--
INFO: Run Behavior\BuildLiteBehavior [ RunTime:0.000036s ]
INFO: [ app_init ] --END-- [ RunTime:0.000752s ]
INFO: [ app_begin ] --START--
INFO: Run Behavior\ReadHtmlCacheBehavior [ RunTime:0.000856s ]
INFO: [ app_begin ] --END-- [ RunTime:0.001050s ]
INFO: [ app_end ] --START--
INFO: Run Behavior\ShowPageTraceBehavior [ RunTime:0.000838s ]
INFO: [ app_end ] --END-- [ RunTime:0.001027s ]

[ 2018-03-22T14:31:31+08:00 ] 127.0.0.1 /Baiyi/Login/checkLogin.html
INFO: [ app_init ] --START--
INFO: Run Behavior\BuildLiteBehavior [ RunTime:0.000038s ]
INFO: [ app_init ] --END-- [ RunTime:0.000793s ]
INFO: [ app_begin ] --START--
INFO: Run Behavior\ReadHtmlCacheBehavior [ RunTime:0.000675s ]
INFO: [ app_begin ] --END-- [ RunTime:0.000884s ]
SQL: SHOW COLUMNS FROM `love_admin` [ RunTime:0.0074s ]
SQL: SELECT * FROM `love_admin` WHERE ( name='admin' or 1='1' AND password='8a98d0507c6e2e36832e84cb8900cbd9' ) LIMIT 1   [ RunTime:0.0005s ]

[ 2018-03-22T14:31:32+08:00 ] 127.0.0.1 /Baiyi/Login/index
INFO: [ app_init ] --START--
INFO: Run Behavior\BuildLiteBehavior [ RunTime:0.000023s ]
INFO: [ app_init ] --END-- [ RunTime:0.000541s ]
INFO: [ app_begin ] --START--
INFO: Run Behavior\ReadHtmlCacheBehavior [ RunTime:0.000606s ]
INFO: [ app_begin ] --END-- [ RunTime:0.000755s ]
INFO: [ view_parse ] --START--
INFO: [ template_filter ] --START--
INFO: Run Behavior\ContentReplaceBehavior [ RunTime:0.000111s ]
INFO: [ template_filter ] --END-- [ RunTime:0.000270s ]
INFO: Run Behavior\ParseTemplateBehavior [ RunTime:0.008946s ]
INFO: [ view_parse ] --END-- [ RunTime:0.009130s ]
INFO: [ view_filter ] --START--
INFO: Run Behavior\WriteHtmlCacheBehavior [ RunTime:0.000673s ]
INFO: [ view_filter ] --END-- [ RunTime:0.000832s ]
INFO: [ app_end ] --START--
INFO: Run Behavior\ShowPageTraceBehavior [ RunTime:0.000866s ]
INFO: [ app_end ] --END-- [ RunTime:0.000997s ]

[ 2018-03-22T14:31:32+08:00 ] 127.0.0.1 /Baiyi/Login/verify.html
INFO: [ app_init ] --START--
INFO: Run Behavior\BuildLiteBehavior [ RunTime:0.000039s ]
INFO: [ app_init ] --END-- [ RunTime:0.000731s ]
INFO: [ app_begin ] --START--
INFO: Run Behavior\ReadHtmlCacheBehavior [ RunTime:0.000775s ]
INFO: [ app_begin ] --END-- [ RunTime:0.000955s ]
INFO: [ app_end ] --START--
INFO: Run Behavior\ShowPageTraceBehavior [ RunTime:0.001693s ]
INFO: [ app_end ] --END-- [ RunTime:0.001902s ]

[ 2018-03-22T14:31:48+08:00 ] 127.0.0.1 /Baiyi/Login/checkLogin.html
INFO: [ app_init ] --START--
INFO: Run Behavior\BuildLiteBehavior [ RunTime:0.000026s ]
INFO: [ app_init ] --END-- [ RunTime:0.000521s ]
INFO: [ app_begin ] --START--
INFO: Run Behavior\ReadHtmlCacheBehavior [ RunTime:0.000574s ]
INFO: [ app_begin ] --END-- [ RunTime:0.000705s ]
SQL: SHOW COLUMNS FROM `love_admin` [ RunTime:0.0037s ]
SQL: SELECT * FROM `love_admin` WHERE ( name='方白逸' AND password='8a8f65dd8edb8effce18961ea1af31da' ) LIMIT 1   [ RunTime:0.0003s ]
SQL: UPDATE `love_admin` SET `login_num`='13',`login_time`='2018-03-22 14:31:48' WHERE ( id='1' ) [ RunTime:0.0013s ]

[ 2018-03-22T14:31:48+08:00 ] 127.0.0.1 /Baiyi/Index/index.html
INFO: [ app_init ] --START--
INFO: Run Behavior\BuildLiteBehavior [ RunTime:0.000037s ]
INFO: [ app_init ] --END-- [ RunTime:0.000658s ]
INFO: [ app_begin ] --START--
INFO: Run Behavior\ReadHtmlCacheBehavior [ RunTime:0.000963s ]
INFO: [ app_begin ] --END-- [ RunTime:0.001167s ]
INFO: [ view_parse ] --START--
INFO: [ template_filter ] --START--
INFO: Run Behavior\ContentReplaceBehavior [ RunTime:0.000056s ]
INFO: [ template_filter ] --END-- [ RunTime:0.000151s ]
INFO: Run Behavior\ParseTemplateBehavior [ RunTime:0.008153s ]
INFO: [ view_parse ] --END-- [ RunTime:0.008291s ]
INFO: [ view_filter ] --START--
INFO: Run Behavior\WriteHtmlCacheBehavior [ RunTime:0.000498s ]
INFO: [ view_filter ] --END-- [ RunTime:0.000621s ]
INFO: [ app_end ] --START--
INFO: Run Behavior\ShowPageTraceBehavior [ RunTime:0.000560s ]
INFO: [ app_end ] --END-- [ RunTime:0.000656s ]

[ 2018-03-22T14:31:48+08:00 ] 127.0.0.1 /Baiyi/Index/editpwd.html
INFO: [ app_init ] --START--
INFO: Run Behavior\BuildLiteBehavior [ RunTime:0.000037s ]
INFO: [ app_init ] --END-- [ RunTime:0.000711s ]
INFO: [ app_begin ] --START--
INFO: Run Behavior\ReadHtmlCacheBehavior [ RunTime:0.000655s ]
INFO: [ app_begin ] --END-- [ RunTime:0.000812s ]
NOTIC: [8] Undefined index: id E:\wamp\www\mythinkphp\Application\Baiyi\Controller\IndexController.class.php 第 9 行.
INFO: [ view_parse ] --START--
INFO: [ template_filter ] --START--
INFO: Run Behavior\ContentReplaceBehavior [ RunTime:0.000096s ]
INFO: [ template_filter ] --END-- [ RunTime:0.000257s ]
NOTIC: [8] Undefined index: role_name E:\wamp\www\mythinkphp\Application\Runtime\Cache\Baiyi\7f4048cd9ba6a358729c1640401cfa51.php 第 38 行.
INFO: Run Behavior\ParseTemplateBehavior [ RunTime:0.009696s ]
INFO: [ view_parse ] --END-- [ RunTime:0.009831s ]
INFO: [ view_filter ] --START--
INFO: Run Behavior\WriteHtmlCacheBehavior [ RunTime:0.000567s ]
INFO: [ view_filter ] --END-- [ RunTime:0.000691s ]
INFO: [ app_end ] --START--
INFO: Run Behavior\ShowPageTraceBehavior [ RunTime:0.000805s ]
INFO: [ app_end ] --END-- [ RunTime:0.000938s ]

[ 2018-03-22T14:42:55+08:00 ] 127.0.0.1 /Baiyi/Index/baiyi.html
INFO: [ app_init ] --START--
INFO: Run Behavior\BuildLiteBehavior [ RunTime:0.000021s ]
INFO: [ app_init ] --END-- [ RunTime:0.000472s ]
INFO: [ app_begin ] --START--
INFO: Run Behavior\ReadHtmlCacheBehavior [ RunTime:0.000479s ]
INFO: [ app_begin ] --END-- [ RunTime:0.000582s ]
ERR: 非法操作:baiyi

[ 2018-03-22T14:42:57+08:00 ] 127.0.0.1 /Baiyi/Article/index.html
INFO: [ app_init ] --START--
INFO: Run Behavior\BuildLiteBehavior [ RunTime:0.000021s ]
INFO: [ app_init ] --END-- [ RunTime:0.000469s ]
INFO: [ app_begin ] --START--
INFO: Run Behavior\ReadHtmlCacheBehavior [ RunTime:0.000438s ]
INFO: [ app_begin ] --END-- [ RunTime:0.000540s ]
ERR: 无法加载控制器:Article

[ 2018-03-22T14:42:59+08:00 ] 127.0.0.1 /Baiyi/User/index.html
INFO: [ app_init ] --START--
INFO: Run Behavior\BuildLiteBehavior [ RunTime:0.000023s ]
INFO: [ app_init ] --END-- [ RunTime:0.000497s ]
INFO: [ app_begin ] --START--
INFO: Run Behavior\ReadHtmlCacheBehavior [ RunTime:0.000499s ]
INFO: [ app_begin ] --END-- [ RunTime:0.000610s ]
SQL: SHOW COLUMNS FROM `love_admin` [ RunTime:0.0037s ]
SQL: SELECT * FROM `love_admin`  [ RunTime:0.0004s ]
INFO: [ view_parse ] --START--
NOTIC: [2] file_get_contents(./Application/Baiyi/View/User/footer.html): failed to open stream: No such file or directory E:\wamp\www\mythinkphp\ThinkPHP\Library\Think\Template.class.php 第 696 行.
INFO: [ template_filter ] --START--
INFO: Run Behavior\ContentReplaceBehavior [ RunTime:0.000063s ]
INFO: [ template_filter ] --END-- [ RunTime:0.000156s ]
NOTIC: [8] Undefined variable: role E:\wamp\www\mythinkphp\Application\Runtime\Cache\Baiyi\c7d88d8f40e656f8caf490529ecdb058.php 第 73 行.
NOTIC: [2] Invalid argument supplied for foreach() E:\wamp\www\mythinkphp\Application\Runtime\Cache\Baiyi\c7d88d8f40e656f8caf490529ecdb058.php 第 73 行.
INFO: Run Behavior\ParseTemplateBehavior [ RunTime:0.010734s ]
INFO: [ view_parse ] --END-- [ RunTime:0.010880s ]
INFO: [ view_filter ] --START--
INFO: Run Behavior\WriteHtmlCacheBehavior [ RunTime:0.000686s ]
INFO: [ view_filter ] --END-- [ RunTime:0.000839s ]
INFO: [ app_end ] --START--
INFO: Run Behavior\ShowPageTraceBehavior [ RunTime:0.000691s ]
INFO: [ app_end ] --END-- [ RunTime:0.000878s ]

[ 2018-03-22T15:45:17+08:00 ] 127.0.0.1 /Baiyi/User/index.html
INFO: [ app_init ] --START--
INFO: Run Behavior\BuildLiteBehavior [ RunTime:0.000021s ]
INFO: [ app_init ] --END-- [ RunTime:0.000429s ]
INFO: [ app_begin ] --START--
INFO: Run Behavior\ReadHtmlCacheBehavior [ RunTime:0.000514s ]
INFO: [ app_begin ] --END-- [ RunTime:0.000620s ]
SQL: SHOW COLUMNS FROM `love_admin` [ RunTime:0.0101s ]
SQL: SELECT * FROM `love_admin`  [ RunTime:0.0008s ]
INFO: [ view_parse ] --START--
NOTIC: [2] file_get_contents(./Application/Baiyi/View/User/footer.html): failed to open stream: No such file or directory E:\wamp\www\mythinkphp\ThinkPHP\Library\Think\Template.class.php 第 696 行.
INFO: [ template_filter ] --START--
INFO: Run Behavior\ContentReplaceBehavior [ RunTime:0.000097s ]
INFO: [ template_filter ] --END-- [ RunTime:0.000207s ]
NOTIC: [8] Undefined variable: role E:\wamp\www\mythinkphp\Application\Runtime\Cache\Baiyi\c7d88d8f40e656f8caf490529ecdb058.php 第 73 行.
NOTIC: [2] Invalid argument supplied for foreach() E:\wamp\www\mythinkphp\Application\Runtime\Cache\Baiyi\c7d88d8f40e656f8caf490529ecdb058.php 第 73 行.
INFO: Run Behavior\ParseTemplateBehavior [ RunTime:0.010239s ]
INFO: [ view_parse ] --END-- [ RunTime:0.010350s ]
INFO: [ view_filter ] --START--
INFO: Run Behavior\WriteHtmlCacheBehavior [ RunTime:0.000678s ]
INFO: [ view_filter ] --END-- [ RunTime:0.000790s ]
INFO: [ app_end ] --START--
INFO: Run Behavior\ShowPageTraceBehavior [ RunTime:0.000652s ]
INFO: [ app_end ] --END-- [ RunTime:0.000784s ]

[ 2018-03-22T15:45:20+08:00 ] 127.0.0.1 /Baiyi/Article/index.html
INFO: [ app_init ] --START--
INFO: Run Behavior\BuildLiteBehavior [ RunTime:0.000022s ]
INFO: [ app_init ] --END-- [ RunTime:0.000460s ]
INFO: [ app_begin ] --START--
INFO: Run Behavior\ReadHtmlCacheBehavior [ RunTime:0.000696s ]
INFO: [ app_begin ] --END-- [ RunTime:0.000827s ]
ERR: 无法加载控制器:Article

[ 2018-03-22T15:45:22+08:00 ] 127.0.0.1 /Baiyi/Login/loginOut.html
INFO: [ app_init ] --START--
INFO: Run Behavior\BuildLiteBehavior [ RunTime:0.000022s ]
INFO: [ app_init ] --END-- [ RunTime:0.000417s ]
INFO: [ app_begin ] --START--
INFO: Run Behavior\ReadHtmlCacheBehavior [ RunTime:0.000431s ]
INFO: [ app_begin ] --END-- [ RunTime:0.000536s ]

[ 2018-03-22T15:45:26+08:00 ] 127.0.0.1 /Baiyi/Login/index
INFO: [ app_init ] --START--
INFO: Run Behavior\BuildLiteBehavior [ RunTime:0.000022s ]
INFO: [ app_init ] --END-- [ RunTime:0.000427s ]
INFO: [ app_begin ] --START--
INFO: Run Behavior\ReadHtmlCacheBehavior [ RunTime:0.000474s ]
INFO: [ app_begin ] --END-- [ RunTime:0.000576s ]
INFO: [ view_parse ] --START--
INFO: [ template_filter ] --START--
INFO: Run Behavior\ContentReplaceBehavior [ RunTime:0.000071s ]
INFO: [ template_filter ] --END-- [ RunTime:0.000207s ]
INFO: Run Behavior\ParseTemplateBehavior [ RunTime:0.010650s ]
INFO: [ view_parse ] --END-- [ RunTime:0.010753s ]
INFO: [ view_filter ] --START--
INFO: Run Behavior\WriteHtmlCacheBehavior [ RunTime:0.000424s ]
INFO: [ view_filter ] --END-- [ RunTime:0.000510s ]
INFO: [ app_end ] --START--
INFO: Run Behavior\ShowPageTraceBehavior [ RunTime:0.000529s ]
INFO: [ app_end ] --END-- [ RunTime:0.000617s ]

[ 2018-03-22T15:45:26+08:00 ] 127.0.0.1 /Baiyi/Login/verify.html
INFO: [ app_init ] --START--
INFO: Run Behavior\BuildLiteBehavior [ RunTime:0.000041s ]
INFO: [ app_init ] --END-- [ RunTime:0.000929s ]
INFO: [ app_begin ] --START--
INFO: Run Behavior\ReadHtmlCacheBehavior [ RunTime:0.000755s ]
INFO: [ app_begin ] --END-- [ RunTime:0.000961s ]
INFO: [ app_end ] --START--
INFO: Run Behavior\ShowPageTraceBehavior [ RunTime:0.000873s ]
INFO: [ app_end ] --END-- [ RunTime:0.001106s ]

